{"obj": {"type": "AssignString", "path": ["sys", "name"], "value": "Untitled"}, "version": 1}
{"obj": {"type": "AssignString", "path": ["sys", "description"], "value": ""}, "version": 2}
{"obj": {"type": "AssignString", "path": ["sys", "hostname"], "value": "DESKTOP-VT542K0"}, "version": 3}
{"obj": {"type": "AssignBool", "path": ["sys", "failed"], "value": false}, "version": 4}
{"obj": {"type": "ClearStringLog", "path": ["monitoring", "stdout"]}, "version": 5}
{"obj": {"type": "ClearStringLog", "path": ["monitoring", "stderr"]}, "version": 6}
{"obj": {"type": "LogStrings", "path": ["monitoring", "stderr"], "values": [{"value": "Info (NVML): NVML Shared Library Not Found. GPU usage metrics may not be reported. For more information, see https://docs-legacy.neptune.ai/logging-and-managing-experiment-results/logging-experiment-data.html#hardware-consumption \n", "step": null, "ts": 1624881812.4512527}]}, "version": 7}
{"obj": {"type": "ConfigFloatSeries", "path": ["monitoring", "cpu"], "min": 0.0, "max": 100.0, "unit": "%"}, "version": 8}
{"obj": {"type": "ClearFloatLog", "path": ["monitoring", "cpu"]}, "version": 9}
{"obj": {"type": "ConfigFloatSeries", "path": ["monitoring", "memory"], "min": 0.0, "max": 7.838047027587891, "unit": "GB"}, "version": 10}
{"obj": {"type": "ClearFloatLog", "path": ["monitoring", "memory"]}, "version": 11}
{"obj": {"type": "LogFloats", "path": ["monitoring", "cpu"], "values": [{"value": 14.1, "step": null, "ts": 1624881812.4582002}]}, "version": 12}
{"obj": {"type": "LogFloats", "path": ["monitoring", "memory"], "values": [{"value": 5.949882507324219, "step": null, "ts": 1624881812.4582002}]}, "version": 13}
{"obj": {"type": "LogStrings", "path": ["monitoring", "stdout"], "values": [{"value": "b''", "step": null, "ts": 1624881812.4661767}]}, "version": 14}
{"obj": {"type": "LogStrings", "path": ["monitoring", "stdout"], "values": [{"value": "b'https://app.neptune.ai/pavankante102/MASKRCNN/e/MAS-2\\r\\n'", "step": null, "ts": 1624881812.4701715}]}, "version": 15}
{"obj": {"type": "LogStrings", "path": ["monitoring", "stdout"], "values": [{"value": "\nConfigurations:", "step": null, "ts": 1624881812.5365543}]}, "version": 16}
{"obj": {"type": "LogStrings", "path": ["monitoring", "stdout"], "values": [{"value": "\n", "step": null, "ts": 1624881812.53754}]}, "version": 17}
{"obj": {"type": "LogStrings", "path": ["monitoring", "stdout"], "values": [{"value": "BACKBONE                       resnet101", "step": null, "ts": 1624881812.5395315}]}, "version": 18}
{"obj": {"type": "LogStrings", "path": ["monitoring", "stdout"], "values": [{"value": "\n", "step": null, "ts": 1624881812.5405295}]}, "version": 19}
{"obj": {"type": "LogStrings", "path": ["monitoring", "stdout"], "values": [{"value": "BACKBONE_STRIDES               [4, 8, 16, 32, 64]", "step": null, "ts": 1624881812.5415268}]}, "version": 20}
{"obj": {"type": "LogStrings", "path": ["monitoring", "stdout"], "values": [{"value": "\n", "step": null, "ts": 1624881812.5425239}]}, "version": 21}
{"obj": {"type": "LogStrings", "path": ["monitoring", "stdout"], "values": [{"value": "BATCH_SIZE                     1", "step": null, "ts": 1624881812.5435882}]}, "version": 22}
{"obj": {"type": "LogStrings", "path": ["monitoring", "stdout"], "values": [{"value": "\n", "step": null, "ts": 1624881812.5445197}]}, "version": 23}
{"obj": {"type": "LogStrings", "path": ["monitoring", "stdout"], "values": [{"value": "BBOX_STD_DEV                   [0.1 0.1 0.2 0.2]", "step": null, "ts": 1624881812.5459347}]}, "version": 24}
{"obj": {"type": "LogStrings", "path": ["monitoring", "stdout"], "values": [{"value": "\n", "step": null, "ts": 1624881812.546546}]}, "version": 25}
{"obj": {"type": "LogStrings", "path": ["monitoring", "stdout"], "values": [{"value": "COMPUTE_BACKBONE_SHAPE         None", "step": null, "ts": 1624881812.5475996}]}, "version": 26}
{"obj": {"type": "LogStrings", "path": ["monitoring", "stdout"], "values": [{"value": "\n", "step": null, "ts": 1624881812.5485055}]}, "version": 27}
{"obj": {"type": "LogStrings", "path": ["monitoring", "stdout"], "values": [{"value": "DETECTION_MAX_INSTANCES        100", "step": null, "ts": 1624881812.5485055}]}, "version": 28}
{"obj": {"type": "LogStrings", "path": ["monitoring", "stdout"], "values": [{"value": "\n", "step": null, "ts": 1624881812.5505023}]}, "version": 29}
{"obj": {"type": "LogStrings", "path": ["monitoring", "stdout"], "values": [{"value": "DETECTION_MIN_CONFIDENCE       0.7", "step": null, "ts": 1624881812.5505812}]}, "version": 30}
{"obj": {"type": "LogStrings", "path": ["monitoring", "stdout"], "values": [{"value": "\n", "step": null, "ts": 1624881812.5514996}]}, "version": 31}
{"obj": {"type": "LogStrings", "path": ["monitoring", "stdout"], "values": [{"value": "DETECTION_NMS_THRESHOLD        0.3", "step": null, "ts": 1624881812.5514996}]}, "version": 32}
{"obj": {"type": "LogStrings", "path": ["monitoring", "stdout"], "values": [{"value": "\n", "step": null, "ts": 1624881812.5528038}]}, "version": 33}
{"obj": {"type": "LogStrings", "path": ["monitoring", "stdout"], "values": [{"value": "FPN_CLASSIF_FC_LAYERS_SIZE     1024", "step": null, "ts": 1624881812.5534923}]}, "version": 34}
{"obj": {"type": "LogStrings", "path": ["monitoring", "stdout"], "values": [{"value": "\n", "step": null, "ts": 1624881812.5534923}]}, "version": 35}
{"obj": {"type": "LogStrings", "path": ["monitoring", "stdout"], "values": [{"value": "GPU_COUNT                      1", "step": null, "ts": 1624881812.5534923}]}, "version": 36}
{"obj": {"type": "LogStrings", "path": ["monitoring", "stdout"], "values": [{"value": "\n", "step": null, "ts": 1624881812.5534923}]}, "version": 37}
{"obj": {"type": "LogStrings", "path": ["monitoring", "stdout"], "values": [{"value": "GRADIENT_CLIP_NORM             5.0", "step": null, "ts": 1624881812.5544894}]}, "version": 38}
{"obj": {"type": "LogStrings", "path": ["monitoring", "stdout"], "values": [{"value": "\n", "step": null, "ts": 1624881812.5555391}]}, "version": 39}
{"obj": {"type": "LogStrings", "path": ["monitoring", "stdout"], "values": [{"value": "IMAGES_PER_GPU                 1", "step": null, "ts": 1624881812.5555391}]}, "version": 40}
{"obj": {"type": "LogStrings", "path": ["monitoring", "stdout"], "values": [{"value": "\n", "step": null, "ts": 1624881812.5555391}]}, "version": 41}
{"obj": {"type": "LogStrings", "path": ["monitoring", "stdout"], "values": [{"value": "IMAGE_CHANNEL_COUNT            3", "step": null, "ts": 1624881812.5564857}]}, "version": 42}
{"obj": {"type": "LogStrings", "path": ["monitoring", "stdout"], "values": [{"value": "\n", "step": null, "ts": 1624881812.5564857}]}, "version": 43}
{"obj": {"type": "LogStrings", "path": ["monitoring", "stdout"], "values": [{"value": "IMAGE_MAX_DIM                  1024", "step": null, "ts": 1624881812.5574827}]}, "version": 44}
{"obj": {"type": "LogStrings", "path": ["monitoring", "stdout"], "values": [{"value": "\n", "step": null, "ts": 1624881812.5587473}]}, "version": 45}
{"obj": {"type": "LogStrings", "path": ["monitoring", "stdout"], "values": [{"value": "IMAGE_META_SIZE                93", "step": null, "ts": 1624881812.5587473}]}, "version": 46}
{"obj": {"type": "LogStrings", "path": ["monitoring", "stdout"], "values": [{"value": "\n", "step": null, "ts": 1624881812.5594769}]}, "version": 47}
{"obj": {"type": "LogStrings", "path": ["monitoring", "stdout"], "values": [{"value": "IMAGE_MIN_DIM                  800", "step": null, "ts": 1624881812.5594769}]}, "version": 48}
{"obj": {"type": "LogStrings", "path": ["monitoring", "stdout"], "values": [{"value": "\n", "step": null, "ts": 1624881812.5604742}]}, "version": 49}
{"obj": {"type": "LogStrings", "path": ["monitoring", "stdout"], "values": [{"value": "IMAGE_MIN_SCALE                0", "step": null, "ts": 1624881812.5614717}]}, "version": 50}
{"obj": {"type": "LogStrings", "path": ["monitoring", "stdout"], "values": [{"value": "\n", "step": null, "ts": 1624881812.5614717}]}, "version": 51}
{"obj": {"type": "LogStrings", "path": ["monitoring", "stdout"], "values": [{"value": "IMAGE_RESIZE_MODE              square", "step": null, "ts": 1624881812.5630114}]}, "version": 52}
{"obj": {"type": "LogStrings", "path": ["monitoring", "stdout"], "values": [{"value": "\n", "step": null, "ts": 1624881812.563466}]}, "version": 53}
{"obj": {"type": "LogStrings", "path": ["monitoring", "stdout"], "values": [{"value": "IMAGE_SHAPE                    [1024 1024    3]", "step": null, "ts": 1624881812.5644655}]}, "version": 54}
{"obj": {"type": "LogStrings", "path": ["monitoring", "stdout"], "values": [{"value": "\n", "step": null, "ts": 1624881812.5644655}]}, "version": 55}
{"obj": {"type": "LogStrings", "path": ["monitoring", "stdout"], "values": [{"value": "LEARNING_MOMENTUM              0.9", "step": null, "ts": 1624881812.56546}]}, "version": 56}
{"obj": {"type": "LogStrings", "path": ["monitoring", "stdout"], "values": [{"value": "\n", "step": null, "ts": 1624881812.56546}]}, "version": 57}
{"obj": {"type": "LogStrings", "path": ["monitoring", "stdout"], "values": [{"value": "LEARNING_RATE                  0.001", "step": null, "ts": 1624881812.5664582}]}, "version": 58}
{"obj": {"type": "LogStrings", "path": ["monitoring", "stdout"], "values": [{"value": "\n", "step": null, "ts": 1624881812.567456}]}, "version": 59}
{"obj": {"type": "LogStrings", "path": ["monitoring", "stdout"], "values": [{"value": "LOSS_WEIGHTS                   {'rpn_class_loss': 1.0, 'rpn_bbox_loss': 1.0, 'mrcnn_class_loss': 1.0, 'mrcnn_bbox_loss': 1.0, 'mrcnn_mask_loss': 1.0}", "step": null, "ts": 1624881812.5684526}]}, "version": 60}
{"obj": {"type": "LogStrings", "path": ["monitoring", "stdout"], "values": [{"value": "\n", "step": null, "ts": 1624881812.5684526}]}, "version": 61}
{"obj": {"type": "LogStrings", "path": ["monitoring", "stdout"], "values": [{"value": "MASK_POOL_SIZE                 14", "step": null, "ts": 1624881812.5694525}]}, "version": 62}
{"obj": {"type": "LogStrings", "path": ["monitoring", "stdout"], "values": [{"value": "\n", "step": null, "ts": 1624881812.5694525}]}, "version": 63}
{"obj": {"type": "LogStrings", "path": ["monitoring", "stdout"], "values": [{"value": "MASK_SHAPE                     [28, 28]", "step": null, "ts": 1624881812.5704522}]}, "version": 64}
{"obj": {"type": "LogStrings", "path": ["monitoring", "stdout"], "values": [{"value": "\n", "step": null, "ts": 1624881812.5704522}]}, "version": 65}
{"obj": {"type": "LogStrings", "path": ["monitoring", "stdout"], "values": [{"value": "MAX_GT_INSTANCES               100", "step": null, "ts": 1624881812.5714488}]}, "version": 66}
{"obj": {"type": "LogStrings", "path": ["monitoring", "stdout"], "values": [{"value": "\n", "step": null, "ts": 1624881812.5714488}]}, "version": 67}
{"obj": {"type": "LogStrings", "path": ["monitoring", "stdout"], "values": [{"value": "MEAN_PIXEL                     [123.7 116.8 103.9]", "step": null, "ts": 1624881812.5724442}]}, "version": 68}
{"obj": {"type": "LogStrings", "path": ["monitoring", "stdout"], "values": [{"value": "\n", "step": null, "ts": 1624881812.5734425}]}, "version": 69}
{"obj": {"type": "LogStrings", "path": ["monitoring", "stdout"], "values": [{"value": "MINI_MASK_SHAPE                (56, 56)", "step": null, "ts": 1624881812.5744395}]}, "version": 70}
{"obj": {"type": "LogStrings", "path": ["monitoring", "stdout"], "values": [{"value": "\n", "step": null, "ts": 1624881812.5754356}]}, "version": 71}
{"obj": {"type": "LogStrings", "path": ["monitoring", "stdout"], "values": [{"value": "NAME                           coco", "step": null, "ts": 1624881812.5764344}]}, "version": 72}
{"obj": {"type": "LogStrings", "path": ["monitoring", "stdout"], "values": [{"value": "\n", "step": null, "ts": 1624881812.5774338}]}, "version": 73}
{"obj": {"type": "LogStrings", "path": ["monitoring", "stdout"], "values": [{"value": "NUM_CLASSES                    81", "step": null, "ts": 1624881812.5774338}]}, "version": 74}
{"obj": {"type": "LogStrings", "path": ["monitoring", "stdout"], "values": [{"value": "\n", "step": null, "ts": 1624881812.578426}]}, "version": 75}
{"obj": {"type": "LogStrings", "path": ["monitoring", "stdout"], "values": [{"value": "POOL_SIZE                      7", "step": null, "ts": 1624881812.579424}]}, "version": 76}
{"obj": {"type": "LogStrings", "path": ["monitoring", "stdout"], "values": [{"value": "\n", "step": null, "ts": 1624881812.5795743}]}, "version": 77}
{"obj": {"type": "LogStrings", "path": ["monitoring", "stdout"], "values": [{"value": "POST_NMS_ROIS_INFERENCE        1000", "step": null, "ts": 1624881812.580537}]}, "version": 78}
{"obj": {"type": "LogStrings", "path": ["monitoring", "stdout"], "values": [{"value": "\n", "step": null, "ts": 1624881812.580537}]}, "version": 79}
{"obj": {"type": "LogStrings", "path": ["monitoring", "stdout"], "values": [{"value": "POST_NMS_ROIS_TRAINING         2000", "step": null, "ts": 1624881812.5814183}]}, "version": 80}
{"obj": {"type": "LogStrings", "path": ["monitoring", "stdout"], "values": [{"value": "\n", "step": null, "ts": 1624881812.5814183}]}, "version": 81}
{"obj": {"type": "LogStrings", "path": ["monitoring", "stdout"], "values": [{"value": "PRE_NMS_LIMIT                  6000", "step": null, "ts": 1624881812.5824163}]}, "version": 82}
{"obj": {"type": "LogStrings", "path": ["monitoring", "stdout"], "values": [{"value": "\n", "step": null, "ts": 1624881812.5834565}]}, "version": 83}
{"obj": {"type": "LogStrings", "path": ["monitoring", "stdout"], "values": [{"value": "ROI_POSITIVE_RATIO             0.33", "step": null, "ts": 1624881812.5834565}]}, "version": 84}
{"obj": {"type": "LogStrings", "path": ["monitoring", "stdout"], "values": [{"value": "\n", "step": null, "ts": 1624881812.5844595}]}, "version": 85}
{"obj": {"type": "LogStrings", "path": ["monitoring", "stdout"], "values": [{"value": "RPN_ANCHOR_RATIOS              [0.5, 1, 2]", "step": null, "ts": 1624881812.585443}]}, "version": 86}
{"obj": {"type": "LogStrings", "path": ["monitoring", "stdout"], "values": [{"value": "\n", "step": null, "ts": 1624881812.585443}]}, "version": 87}
{"obj": {"type": "LogStrings", "path": ["monitoring", "stdout"], "values": [{"value": "RPN_ANCHOR_SCALES              (32, 64, 128, 256, 512)", "step": null, "ts": 1624881812.585443}]}, "version": 88}
{"obj": {"type": "LogStrings", "path": ["monitoring", "stdout"], "values": [{"value": "\n", "step": null, "ts": 1624881812.5864506}]}, "version": 89}
{"obj": {"type": "LogStrings", "path": ["monitoring", "stdout"], "values": [{"value": "RPN_ANCHOR_STRIDE              1", "step": null, "ts": 1624881812.5874388}]}, "version": 90}
{"obj": {"type": "LogStrings", "path": ["monitoring", "stdout"], "values": [{"value": "\n", "step": null, "ts": 1624881812.5874388}]}, "version": 91}
{"obj": {"type": "LogStrings", "path": ["monitoring", "stdout"], "values": [{"value": "RPN_BBOX_STD_DEV               [0.1 0.1 0.2 0.2]", "step": null, "ts": 1624881812.5894341}]}, "version": 92}
{"obj": {"type": "LogStrings", "path": ["monitoring", "stdout"], "values": [{"value": "\n", "step": null, "ts": 1624881812.5894341}]}, "version": 93}
{"obj": {"type": "LogStrings", "path": ["monitoring", "stdout"], "values": [{"value": "RPN_NMS_THRESHOLD              0.7", "step": null, "ts": 1624881812.5913918}]}, "version": 94}
{"obj": {"type": "LogStrings", "path": ["monitoring", "stdout"], "values": [{"value": "\n", "step": null, "ts": 1624881812.5913918}]}, "version": 95}
{"obj": {"type": "LogStrings", "path": ["monitoring", "stdout"], "values": [{"value": "RPN_TRAIN_ANCHORS_PER_IMAGE    256", "step": null, "ts": 1624881812.5923893}]}, "version": 96}
{"obj": {"type": "LogStrings", "path": ["monitoring", "stdout"], "values": [{"value": "\n", "step": null, "ts": 1624881812.5933864}]}, "version": 97}
{"obj": {"type": "LogStrings", "path": ["monitoring", "stdout"], "values": [{"value": "STEPS_PER_EPOCH                1000", "step": null, "ts": 1624881812.5933864}]}, "version": 98}
{"obj": {"type": "LogStrings", "path": ["monitoring", "stdout"], "values": [{"value": "\n", "step": null, "ts": 1624881812.5943844}]}, "version": 99}
{"obj": {"type": "LogStrings", "path": ["monitoring", "stdout"], "values": [{"value": "TOP_DOWN_PYRAMID_SIZE          256", "step": null, "ts": 1624881812.595384}]}, "version": 100}
{"obj": {"type": "LogStrings", "path": ["monitoring", "stdout"], "values": [{"value": "\n", "step": null, "ts": 1624881812.5963786}]}, "version": 101}
{"obj": {"type": "LogStrings", "path": ["monitoring", "stdout"], "values": [{"value": "TRAIN_BN                       False", "step": null, "ts": 1624881812.5969417}]}, "version": 102}
{"obj": {"type": "LogStrings", "path": ["monitoring", "stdout"], "values": [{"value": "\n", "step": null, "ts": 1624881812.5973754}]}, "version": 103}
{"obj": {"type": "LogStrings", "path": ["monitoring", "stdout"], "values": [{"value": "TRAIN_ROIS_PER_IMAGE           200", "step": null, "ts": 1624881812.5983717}]}, "version": 104}
{"obj": {"type": "LogStrings", "path": ["monitoring", "stdout"], "values": [{"value": "\n", "step": null, "ts": 1624881812.5983717}]}, "version": 105}
{"obj": {"type": "LogStrings", "path": ["monitoring", "stdout"], "values": [{"value": "USE_MINI_MASK                  True", "step": null, "ts": 1624881812.5994475}]}, "version": 106}
{"obj": {"type": "LogStrings", "path": ["monitoring", "stdout"], "values": [{"value": "\n", "step": null, "ts": 1624881812.5994475}]}, "version": 107}
{"obj": {"type": "LogStrings", "path": ["monitoring", "stdout"], "values": [{"value": "USE_RPN_ROIS                   True", "step": null, "ts": 1624881812.6004045}]}, "version": 108}
{"obj": {"type": "LogStrings", "path": ["monitoring", "stdout"], "values": [{"value": "\n", "step": null, "ts": 1624881812.6013637}]}, "version": 109}
{"obj": {"type": "LogStrings", "path": ["monitoring", "stdout"], "values": [{"value": "VALIDATION_STEPS               50", "step": null, "ts": 1624881812.6013637}]}, "version": 110}
{"obj": {"type": "LogStrings", "path": ["monitoring", "stdout"], "values": [{"value": "\n", "step": null, "ts": 1624881812.6024005}]}, "version": 111}
{"obj": {"type": "LogStrings", "path": ["monitoring", "stdout"], "values": [{"value": "WEIGHT_DECAY                   0.0001", "step": null, "ts": 1624881812.6033952}]}, "version": 112}
{"obj": {"type": "LogStrings", "path": ["monitoring", "stdout"], "values": [{"value": "\n", "step": null, "ts": 1624881812.6033952}]}, "version": 113}
{"obj": {"type": "LogStrings", "path": ["monitoring", "stdout"], "values": [{"value": "\n", "step": null, "ts": 1624881812.6043963}]}, "version": 114}
{"obj": {"type": "LogStrings", "path": ["monitoring", "stdout"], "values": [{"value": "\n", "step": null, "ts": 1624881812.605391}]}, "version": 115}
{"obj": {"type": "LogFloats", "path": ["monitoring", "cpu"], "values": [{"value": 41.7, "step": null, "ts": 1624881822.4749494}]}, "version": 116}
{"obj": {"type": "LogFloats", "path": ["monitoring", "memory"], "values": [{"value": 5.954120635986328, "step": null, "ts": 1624881822.4749494}]}, "version": 117}
{"obj": {"type": "LogFloats", "path": ["monitoring", "cpu"], "values": [{"value": 18.9, "step": null, "ts": 1624881832.4926624}]}, "version": 118}
{"obj": {"type": "LogFloats", "path": ["monitoring", "memory"], "values": [{"value": 6.211009979248047, "step": null, "ts": 1624881832.4926624}]}, "version": 119}
{"obj": {"type": "LogStrings", "path": ["monitoring", "stdout"], "values": [{"value": "Processing 1 images", "step": null, "ts": 1624881838.7370741}]}, "version": 120}
{"obj": {"type": "LogStrings", "path": ["monitoring", "stdout"], "values": [{"value": "\n", "step": null, "ts": 1624881838.7380683}]}, "version": 121}
{"obj": {"type": "LogStrings", "path": ["monitoring", "stdout"], "values": [{"value": "image                    shape: (427, 640, 3)         min:    0.00000  max:  255.00000  uint8", "step": null, "ts": 1624881838.7410545}]}, "version": 122}
{"obj": {"type": "LogStrings", "path": ["monitoring", "stdout"], "values": [{"value": "\n", "step": null, "ts": 1624881838.742056}]}, "version": 123}
{"obj": {"type": "LogStrings", "path": ["monitoring", "stdout"], "values": [{"value": "molded_images            shape: (1, 1024, 1024, 3)    min: -123.70000  max:  151.10000  float64", "step": null, "ts": 1624881839.1789246}]}, "version": 124}
{"obj": {"type": "LogStrings", "path": ["monitoring", "stdout"], "values": [{"value": "\n", "step": null, "ts": 1624881839.1789246}]}, "version": 125}
{"obj": {"type": "LogStrings", "path": ["monitoring", "stdout"], "values": [{"value": "image_metas              shape: (1, 93)               min:    0.00000  max: 1024.00000  float64", "step": null, "ts": 1624881839.1799197}]}, "version": 126}
{"obj": {"type": "LogStrings", "path": ["monitoring", "stdout"], "values": [{"value": "\n", "step": null, "ts": 1624881839.1809201}]}, "version": 127}
{"obj": {"type": "LogStrings", "path": ["monitoring", "stdout"], "values": [{"value": "anchors                  shape: (1, 261888, 4)        min:   -0.35390  max:    1.29134  float32", "step": null, "ts": 1624881839.1829238}]}, "version": 128}
{"obj": {"type": "LogStrings", "path": ["monitoring", "stdout"], "values": [{"value": "\n", "step": null, "ts": 1624881839.1829238}]}, "version": 129}
{"obj": {"type": "LogFloats", "path": ["monitoring", "cpu"], "values": [{"value": 32.5, "step": null, "ts": 1624881842.5039876}]}, "version": 130}
{"obj": {"type": "LogFloats", "path": ["monitoring", "memory"], "values": [{"value": 6.453975677490234, "step": null, "ts": 1624881842.5039876}]}, "version": 131}
{"obj": {"type": "LogFloats", "path": ["monitoring", "cpu"], "values": [{"value": 66.6, "step": null, "ts": 1624881852.5238795}]}, "version": 132}
{"obj": {"type": "LogFloats", "path": ["monitoring", "memory"], "values": [{"value": 6.366462707519531, "step": null, "ts": 1624881852.5238795}]}, "version": 133}
{"obj": {"type": "AssignFloat", "path": ["single_metric"], "value": 0.62}, "version": 134}
{"obj": {"type": "LogFloats", "path": ["random_training_metric"], "values": [{"value": 0.0, "step": null, "ts": 1624881854.3250139}]}, "version": 135}
{"obj": {"type": "LogFloats", "path": ["other_random_training_metric"], "values": [{"value": 0.0, "step": null, "ts": 1624881854.3260212}]}, "version": 136}
{"obj": {"type": "LogFloats", "path": ["random_training_metric"], "values": [{"value": 0.5018153262914953, "step": null, "ts": 1624881854.5407872}]}, "version": 137}
{"obj": {"type": "LogFloats", "path": ["other_random_training_metric"], "values": [{"value": 0.43663981380981737, "step": null, "ts": 1624881854.5418878}]}, "version": 138}
{"obj": {"type": "LogFloats", "path": ["random_training_metric"], "values": [{"value": 0.023477624519842033, "step": null, "ts": 1624881854.7448072}]}, "version": 139}
{"obj": {"type": "LogFloats", "path": ["other_random_training_metric"], "values": [{"value": 0.025813984258400424, "step": null, "ts": 1624881854.7448072}]}, "version": 140}
{"obj": {"type": "LogFloats", "path": ["random_training_metric"], "values": [{"value": 0.9134827955056468, "step": null, "ts": 1624881854.959879}]}, "version": 141}
{"obj": {"type": "LogFloats", "path": ["other_random_training_metric"], "values": [{"value": 0.8386930791121527, "step": null, "ts": 1624881854.959879}]}, "version": 142}
{"obj": {"type": "LogFloats", "path": ["random_training_metric"], "values": [{"value": 0.26946932314079763, "step": null, "ts": 1624881855.1642025}]}, "version": 143}
{"obj": {"type": "LogFloats", "path": ["other_random_training_metric"], "values": [{"value": 0.5423931534649937, "step": null, "ts": 1624881855.1652474}]}, "version": 144}
{"obj": {"type": "LogFloats", "path": ["random_training_metric"], "values": [{"value": 1.9142036470857515, "step": null, "ts": 1624881855.3802378}]}, "version": 145}
{"obj": {"type": "LogFloats", "path": ["other_random_training_metric"], "values": [{"value": 1.0291568420521742, "step": null, "ts": 1624881855.3802378}]}, "version": 146}
{"obj": {"type": "LogFloats", "path": ["random_training_metric"], "values": [{"value": 5.899415432222849, "step": null, "ts": 1624881855.5959477}]}, "version": 147}
{"obj": {"type": "LogFloats", "path": ["other_random_training_metric"], "values": [{"value": 2.162508827938061, "step": null, "ts": 1624881855.5968115}]}, "version": 148}
{"obj": {"type": "LogFloats", "path": ["random_training_metric"], "values": [{"value": 3.765719423471385, "step": null, "ts": 1624881855.8114629}]}, "version": 149}
{"obj": {"type": "LogFloats", "path": ["other_random_training_metric"], "values": [{"value": 0.42093179105274103, "step": null, "ts": 1624881855.8122125}]}, "version": 150}
{"obj": {"type": "LogFloats", "path": ["random_training_metric"], "values": [{"value": 1.078463835929627, "step": null, "ts": 1624881856.0267277}]}, "version": 151}
{"obj": {"type": "LogFloats", "path": ["other_random_training_metric"], "values": [{"value": 0.9171732847185288, "step": null, "ts": 1624881856.0267277}]}, "version": 152}
{"obj": {"type": "LogFloats", "path": ["random_training_metric"], "values": [{"value": 0.7972632012054679, "step": null, "ts": 1624881856.2304153}]}, "version": 153}
{"obj": {"type": "LogFloats", "path": ["other_random_training_metric"], "values": [{"value": 1.7324143785833255, "step": null, "ts": 1624881856.2309475}]}, "version": 154}
{"obj": {"type": "LogFloats", "path": ["random_training_metric"], "values": [{"value": 0.053131454495236596, "step": null, "ts": 1624881856.4324481}]}, "version": 155}
{"obj": {"type": "LogFloats", "path": ["other_random_training_metric"], "values": [{"value": 3.183856629592289, "step": null, "ts": 1624881856.4329333}]}, "version": 156}
{"obj": {"type": "LogFloats", "path": ["random_training_metric"], "values": [{"value": 9.82412070527974, "step": null, "ts": 1624881856.648199}]}, "version": 157}
{"obj": {"type": "LogFloats", "path": ["other_random_training_metric"], "values": [{"value": 0.3473327509120566, "step": null, "ts": 1624881856.6491985}]}, "version": 158}
{"obj": {"type": "LogFloats", "path": ["random_training_metric"], "values": [{"value": 11.706437991763567, "step": null, "ts": 1624881856.8612754}]}, "version": 159}
{"obj": {"type": "LogFloats", "path": ["other_random_training_metric"], "values": [{"value": 2.1843397194944103, "step": null, "ts": 1624881856.8622797}]}, "version": 160}
{"obj": {"type": "LogFloats", "path": ["random_training_metric"], "values": [{"value": 3.0992160084349836, "step": null, "ts": 1624881857.076209}]}, "version": 161}
{"obj": {"type": "LogFloats", "path": ["other_random_training_metric"], "values": [{"value": 5.346202441281617, "step": null, "ts": 1624881857.076998}]}, "version": 162}
{"obj": {"type": "LogFloats", "path": ["random_training_metric"], "values": [{"value": 5.1179140453322, "step": null, "ts": 1624881857.29273}]}, "version": 163}
{"obj": {"type": "LogFloats", "path": ["other_random_training_metric"], "values": [{"value": 1.8358428437190408, "step": null, "ts": 1624881857.2936833}]}, "version": 164}
{"obj": {"type": "LogFloats", "path": ["random_training_metric"], "values": [{"value": 6.565481631609916, "step": null, "ts": 1624881857.5085971}]}, "version": 165}
{"obj": {"type": "LogFloats", "path": ["other_random_training_metric"], "values": [{"value": 0.25050947082483677, "step": null, "ts": 1624881857.5105815}]}, "version": 166}
{"obj": {"type": "LogFloats", "path": ["random_training_metric"], "values": [{"value": 13.97062001489422, "step": null, "ts": 1624881857.7227058}]}, "version": 167}
{"obj": {"type": "LogFloats", "path": ["other_random_training_metric"], "values": [{"value": 6.554585725270578, "step": null, "ts": 1624881857.7235298}]}, "version": 168}
{"obj": {"type": "LogFloats", "path": ["random_training_metric"], "values": [{"value": 15.813688357500348, "step": null, "ts": 1624881857.937725}]}, "version": 169}
{"obj": {"type": "LogFloats", "path": ["other_random_training_metric"], "values": [{"value": 7.331938568000944, "step": null, "ts": 1624881857.9387636}]}, "version": 170}
{"obj": {"type": "LogFloats", "path": ["random_training_metric"], "values": [{"value": 3.912446618352342, "step": null, "ts": 1624881858.1551483}]}, "version": 171}
{"obj": {"type": "LogFloats", "path": ["other_random_training_metric"], "values": [{"value": 7.202734196560774, "step": null, "ts": 1624881858.1551483}]}, "version": 172}
{"obj": {"type": "LogFloats", "path": ["random_training_metric"], "values": [{"value": 15.722644548411425, "step": null, "ts": 1624881858.3690417}]}, "version": 173}
{"obj": {"type": "LogFloats", "path": ["other_random_training_metric"], "values": [{"value": 7.813841203348864, "step": null, "ts": 1624881858.3690417}]}, "version": 174}
{"obj": {"type": "LogFloats", "path": ["random_training_metric"], "values": [{"value": 16.8214844899854, "step": null, "ts": 1624881858.571952}]}, "version": 175}
{"obj": {"type": "LogFloats", "path": ["other_random_training_metric"], "values": [{"value": 6.588069016590891, "step": null, "ts": 1624881858.571952}]}, "version": 176}
{"obj": {"type": "LogFloats", "path": ["random_training_metric"], "values": [{"value": 5.389754302209595, "step": null, "ts": 1624881858.7862666}]}, "version": 177}
{"obj": {"type": "LogFloats", "path": ["other_random_training_metric"], "values": [{"value": 7.23694606930045, "step": null, "ts": 1624881858.7862666}]}, "version": 178}
{"obj": {"type": "LogFloats", "path": ["random_training_metric"], "values": [{"value": 21.556232963763783, "step": null, "ts": 1624881858.9908257}]}, "version": 179}
{"obj": {"type": "LogFloats", "path": ["other_random_training_metric"], "values": [{"value": 4.285384332882358, "step": null, "ts": 1624881858.991829}]}, "version": 180}
{"obj": {"type": "LogFloats", "path": ["random_training_metric"], "values": [{"value": 20.018454804251764, "step": null, "ts": 1624881859.193443}]}, "version": 181}
{"obj": {"type": "LogFloats", "path": ["other_random_training_metric"], "values": [{"value": 10.182616630409814, "step": null, "ts": 1624881859.1942446}]}, "version": 182}
{"obj": {"type": "LogFloats", "path": ["random_training_metric"], "values": [{"value": 14.493060222487514, "step": null, "ts": 1624881859.397432}]}, "version": 183}
{"obj": {"type": "LogFloats", "path": ["other_random_training_metric"], "values": [{"value": 1.6683993162698862, "step": null, "ts": 1624881859.4023836}]}, "version": 184}
{"obj": {"type": "LogFloats", "path": ["random_training_metric"], "values": [{"value": 5.824655296024986, "step": null, "ts": 1624881859.610828}]}, "version": 185}
{"obj": {"type": "LogFloats", "path": ["other_random_training_metric"], "values": [{"value": 7.06218544652314, "step": null, "ts": 1624881859.6117768}]}, "version": 186}
{"obj": {"type": "LogFloats", "path": ["random_training_metric"], "values": [{"value": 9.970567397201899, "step": null, "ts": 1624881859.824643}]}, "version": 187}
{"obj": {"type": "LogFloats", "path": ["other_random_training_metric"], "values": [{"value": 1.2846505736667448, "step": null, "ts": 1624881859.824643}]}, "version": 188}
{"obj": {"type": "LogFloats", "path": ["random_training_metric"], "values": [{"value": 3.9660294993665404, "step": null, "ts": 1624881860.0252447}]}, "version": 189}
{"obj": {"type": "LogFloats", "path": ["other_random_training_metric"], "values": [{"value": 7.713246704512235, "step": null, "ts": 1624881860.0252447}]}, "version": 190}
{"obj": {"type": "LogFloats", "path": ["random_training_metric"], "values": [{"value": 27.281107903686884, "step": null, "ts": 1624881860.2325387}]}, "version": 191}
{"obj": {"type": "LogFloats", "path": ["other_random_training_metric"], "values": [{"value": 5.733663034571702, "step": null, "ts": 1624881860.2325387}]}, "version": 192}
{"obj": {"type": "LogFloats", "path": ["random_training_metric"], "values": [{"value": 27.96654394582661, "step": null, "ts": 1624881860.4325986}]}, "version": 193}
{"obj": {"type": "LogFloats", "path": ["other_random_training_metric"], "values": [{"value": 9.00971352396777, "step": null, "ts": 1624881860.4325986}]}, "version": 194}
{"obj": {"type": "LogFloats", "path": ["random_training_metric"], "values": [{"value": 7.786894262469897, "step": null, "ts": 1624881860.644495}]}, "version": 195}
{"obj": {"type": "LogFloats", "path": ["other_random_training_metric"], "values": [{"value": 13.765093411078865, "step": null, "ts": 1624881860.644495}]}, "version": 196}
{"obj": {"type": "LogFloats", "path": ["random_training_metric"], "values": [{"value": 1.9623879435764033, "step": null, "ts": 1624881860.847848}]}, "version": 197}
{"obj": {"type": "LogFloats", "path": ["other_random_training_metric"], "values": [{"value": 3.8347133392757087, "step": null, "ts": 1624881860.8486907}]}, "version": 198}
{"obj": {"type": "LogFloats", "path": ["random_training_metric"], "values": [{"value": 2.3019841831378223, "step": null, "ts": 1624881861.0509083}]}, "version": 199}
{"obj": {"type": "LogFloats", "path": ["other_random_training_metric"], "values": [{"value": 8.821836107585947, "step": null, "ts": 1624881861.0509083}]}, "version": 200}
{"obj": {"type": "LogFloats", "path": ["random_training_metric"], "values": [{"value": 1.1617170581953375, "step": null, "ts": 1624881861.25513}]}, "version": 201}
{"obj": {"type": "LogFloats", "path": ["other_random_training_metric"], "values": [{"value": 10.535911607882156, "step": null, "ts": 1624881861.2560692}]}, "version": 202}
{"obj": {"type": "LogFloats", "path": ["random_training_metric"], "values": [{"value": 12.920954159998018, "step": null, "ts": 1624881861.4710228}]}, "version": 203}
{"obj": {"type": "LogFloats", "path": ["other_random_training_metric"], "values": [{"value": 15.745576818215568, "step": null, "ts": 1624881861.4718964}]}, "version": 204}
{"obj": {"type": "LogFloats", "path": ["random_training_metric"], "values": [{"value": 2.341556371793783, "step": null, "ts": 1624881861.6869857}]}, "version": 205}
{"obj": {"type": "LogFloats", "path": ["other_random_training_metric"], "values": [{"value": 17.364320611044448, "step": null, "ts": 1624881861.6877735}]}, "version": 206}
{"obj": {"type": "LogFloats", "path": ["random_training_metric"], "values": [{"value": 20.49401129389438, "step": null, "ts": 1624881861.8893642}]}, "version": 207}
{"obj": {"type": "LogFloats", "path": ["other_random_training_metric"], "values": [{"value": 10.574747010284364, "step": null, "ts": 1624881861.889674}]}, "version": 208}
{"obj": {"type": "LogFloats", "path": ["random_training_metric"], "values": [{"value": 6.466457499835732, "step": null, "ts": 1624881862.0929816}]}, "version": 209}
{"obj": {"type": "LogFloats", "path": ["other_random_training_metric"], "values": [{"value": 5.362138589169048, "step": null, "ts": 1624881862.0939999}]}, "version": 210}
{"obj": {"type": "LogFloats", "path": ["random_training_metric"], "values": [{"value": 23.660322304873393, "step": null, "ts": 1624881862.2943904}]}, "version": 211}
{"obj": {"type": "LogFloats", "path": ["other_random_training_metric"], "values": [{"value": 9.679957338073962, "step": null, "ts": 1624881862.295379}]}, "version": 212}
{"obj": {"type": "LogFloats", "path": ["random_training_metric"], "values": [{"value": 32.86024343192351, "step": null, "ts": 1624881862.5093677}]}, "version": 213}
{"obj": {"type": "LogFloats", "path": ["other_random_training_metric"], "values": [{"value": 2.4128388835535657, "step": null, "ts": 1624881862.512804}]}, "version": 214}
{"obj": {"type": "LogFloats", "path": ["monitoring", "cpu"], "values": [{"value": 20.3, "step": null, "ts": 1624881862.537802}]}, "version": 215}
{"obj": {"type": "LogFloats", "path": ["monitoring", "memory"], "values": [{"value": 6.417808532714844, "step": null, "ts": 1624881862.537802}]}, "version": 216}
{"obj": {"type": "LogFloats", "path": ["random_training_metric"], "values": [{"value": 29.310015226380205, "step": null, "ts": 1624881862.7242322}]}, "version": 217}
{"obj": {"type": "LogFloats", "path": ["other_random_training_metric"], "values": [{"value": 6.268090605883467, "step": null, "ts": 1624881862.7262325}]}, "version": 218}
{"obj": {"type": "LogFloats", "path": ["random_training_metric"], "values": [{"value": 22.177751377027732, "step": null, "ts": 1624881862.939692}]}, "version": 219}
{"obj": {"type": "LogFloats", "path": ["other_random_training_metric"], "values": [{"value": 18.231263344421578, "step": null, "ts": 1624881862.940345}]}, "version": 220}
{"obj": {"type": "LogFloats", "path": ["random_training_metric"], "values": [{"value": 16.33073949209256, "step": null, "ts": 1624881863.1461036}]}, "version": 221}
{"obj": {"type": "LogFloats", "path": ["other_random_training_metric"], "values": [{"value": 9.157966507814505, "step": null, "ts": 1624881863.1461036}]}, "version": 222}
{"obj": {"type": "LogFloats", "path": ["random_training_metric"], "values": [{"value": 33.3894093302785, "step": null, "ts": 1624881863.360532}]}, "version": 223}
{"obj": {"type": "LogFloats", "path": ["other_random_training_metric"], "values": [{"value": 19.065434531680307, "step": null, "ts": 1624881863.3615272}]}, "version": 224}
{"obj": {"type": "LogFloats", "path": ["random_training_metric"], "values": [{"value": 11.74474206105705, "step": null, "ts": 1624881863.5779922}]}, "version": 225}
{"obj": {"type": "LogFloats", "path": ["other_random_training_metric"], "values": [{"value": 2.0831638491245204, "step": null, "ts": 1624881863.5789926}]}, "version": 226}
{"obj": {"type": "LogFloats", "path": ["random_training_metric"], "values": [{"value": 17.292853637337206, "step": null, "ts": 1624881863.7794476}]}, "version": 227}
{"obj": {"type": "LogFloats", "path": ["other_random_training_metric"], "values": [{"value": 20.31304006649321, "step": null, "ts": 1624881863.7794476}]}, "version": 228}
{"obj": {"type": "LogFloats", "path": ["random_training_metric"], "values": [{"value": 6.140595268395969, "step": null, "ts": 1624881863.9829295}]}, "version": 229}
{"obj": {"type": "LogFloats", "path": ["other_random_training_metric"], "values": [{"value": 18.742672309282177, "step": null, "ts": 1624881863.9829295}]}, "version": 230}
{"obj": {"type": "LogFloats", "path": ["random_training_metric"], "values": [{"value": 24.650483798127205, "step": null, "ts": 1624881864.196011}]}, "version": 231}
{"obj": {"type": "LogFloats", "path": ["other_random_training_metric"], "values": [{"value": 6.539169049370289, "step": null, "ts": 1624881864.1963334}]}, "version": 232}
{"obj": {"type": "LogFloats", "path": ["random_training_metric"], "values": [{"value": 18.084767436448523, "step": null, "ts": 1624881864.4118803}]}, "version": 233}
{"obj": {"type": "LogFloats", "path": ["other_random_training_metric"], "values": [{"value": 9.736403496744419, "step": null, "ts": 1624881864.412541}]}, "version": 234}
{"obj": {"type": "LogFloats", "path": ["random_training_metric"], "values": [{"value": 12.141299810091928, "step": null, "ts": 1624881864.6133544}]}, "version": 235}
{"obj": {"type": "LogFloats", "path": ["other_random_training_metric"], "values": [{"value": 0.584575554581535, "step": null, "ts": 1624881864.6138961}]}, "version": 236}
{"obj": {"type": "LogFloats", "path": ["random_training_metric"], "values": [{"value": 21.17925521984575, "step": null, "ts": 1624881864.827811}]}, "version": 237}
{"obj": {"type": "LogFloats", "path": ["other_random_training_metric"], "values": [{"value": 0.8220866183521192, "step": null, "ts": 1624881864.827811}]}, "version": 238}
{"obj": {"type": "LogFloats", "path": ["random_training_metric"], "values": [{"value": 12.335312037169807, "step": null, "ts": 1624881865.029383}]}, "version": 239}
{"obj": {"type": "LogFloats", "path": ["other_random_training_metric"], "values": [{"value": 18.910539474907356, "step": null, "ts": 1624881865.0300891}]}, "version": 240}
{"obj": {"type": "LogFloats", "path": ["random_training_metric"], "values": [{"value": 11.80262357212297, "step": null, "ts": 1624881865.2434392}]}, "version": 241}
{"obj": {"type": "LogFloats", "path": ["other_random_training_metric"], "values": [{"value": 2.3826373828013416, "step": null, "ts": 1624881865.2434392}]}, "version": 242}
{"obj": {"type": "LogFloats", "path": ["random_training_metric"], "values": [{"value": 0.17756138432854107, "step": null, "ts": 1624881865.4591153}]}, "version": 243}
{"obj": {"type": "LogFloats", "path": ["other_random_training_metric"], "values": [{"value": 5.340259191707061, "step": null, "ts": 1624881865.4591153}]}, "version": 244}
{"obj": {"type": "LogFloats", "path": ["random_training_metric"], "values": [{"value": 4.1919501849625735, "step": null, "ts": 1624881865.6629064}]}, "version": 245}
{"obj": {"type": "LogFloats", "path": ["other_random_training_metric"], "values": [{"value": 13.207671840223801, "step": null, "ts": 1624881865.663563}]}, "version": 246}
{"obj": {"type": "LogFloats", "path": ["random_training_metric"], "values": [{"value": 1.9150973915337137, "step": null, "ts": 1624881865.8779538}]}, "version": 247}
{"obj": {"type": "LogFloats", "path": ["other_random_training_metric"], "values": [{"value": 9.673940862506686, "step": null, "ts": 1624881865.8779538}]}, "version": 248}
{"obj": {"type": "LogFloats", "path": ["random_training_metric"], "values": [{"value": 26.62309285253393, "step": null, "ts": 1624881866.0802183}]}, "version": 249}
{"obj": {"type": "LogFloats", "path": ["other_random_training_metric"], "values": [{"value": 25.338689959838376, "step": null, "ts": 1624881866.0802183}]}, "version": 250}
{"obj": {"type": "LogFloats", "path": ["random_training_metric"], "values": [{"value": 36.3198246447624, "step": null, "ts": 1624881866.2952826}]}, "version": 251}
{"obj": {"type": "LogFloats", "path": ["other_random_training_metric"], "values": [{"value": 2.184897135775343, "step": null, "ts": 1624881866.2962797}]}, "version": 252}
{"obj": {"type": "LogFloats", "path": ["random_training_metric"], "values": [{"value": 41.53224334550973, "step": null, "ts": 1624881866.5119488}]}, "version": 253}
{"obj": {"type": "LogFloats", "path": ["other_random_training_metric"], "values": [{"value": 12.699981240294944, "step": null, "ts": 1624881866.5129464}]}, "version": 254}
{"obj": {"type": "LogFloats", "path": ["random_training_metric"], "values": [{"value": 4.829047118570254, "step": null, "ts": 1624881866.7268422}]}, "version": 255}
{"obj": {"type": "LogFloats", "path": ["other_random_training_metric"], "values": [{"value": 12.533484871503578, "step": null, "ts": 1624881866.7277877}]}, "version": 256}
{"obj": {"type": "LogFloats", "path": ["random_training_metric"], "values": [{"value": 30.307715730025453, "step": null, "ts": 1624881866.9427612}]}, "version": 257}
{"obj": {"type": "LogFloats", "path": ["other_random_training_metric"], "values": [{"value": 27.34620859480917, "step": null, "ts": 1624881866.9435658}]}, "version": 258}
{"obj": {"type": "LogFloats", "path": ["random_training_metric"], "values": [{"value": 29.199772404230462, "step": null, "ts": 1624881867.160254}]}, "version": 259}
{"obj": {"type": "LogFloats", "path": ["other_random_training_metric"], "values": [{"value": 20.922436742716535, "step": null, "ts": 1624881867.1622822}]}, "version": 260}
{"obj": {"type": "LogFloats", "path": ["random_training_metric"], "values": [{"value": 19.703343790181894, "step": null, "ts": 1624881867.3753548}]}, "version": 261}
{"obj": {"type": "LogFloats", "path": ["other_random_training_metric"], "values": [{"value": 5.798128322004903, "step": null, "ts": 1624881867.3753548}]}, "version": 262}
{"obj": {"type": "LogFloats", "path": ["random_training_metric"], "values": [{"value": 33.28083670363369, "step": null, "ts": 1624881867.5893104}]}, "version": 263}
{"obj": {"type": "LogFloats", "path": ["other_random_training_metric"], "values": [{"value": 13.503585873569667, "step": null, "ts": 1624881867.5898955}]}, "version": 264}
{"obj": {"type": "LogFloats", "path": ["random_training_metric"], "values": [{"value": 53.3018594874439, "step": null, "ts": 1624881867.804651}]}, "version": 265}
{"obj": {"type": "LogFloats", "path": ["other_random_training_metric"], "values": [{"value": 19.226827517416172, "step": null, "ts": 1624881867.804651}]}, "version": 266}
{"obj": {"type": "LogFloats", "path": ["random_training_metric"], "values": [{"value": 27.375395560467837, "step": null, "ts": 1624881868.018521}]}, "version": 267}
{"obj": {"type": "LogFloats", "path": ["other_random_training_metric"], "values": [{"value": 8.757451389583263, "step": null, "ts": 1624881868.018521}]}, "version": 268}
{"obj": {"type": "LogFloats", "path": ["random_training_metric"], "values": [{"value": 28.257937252447903, "step": null, "ts": 1624881868.232005}]}, "version": 269}
{"obj": {"type": "LogFloats", "path": ["other_random_training_metric"], "values": [{"value": 0.11261534050326394, "step": null, "ts": 1624881868.232837}]}, "version": 270}
{"obj": {"type": "LogFloats", "path": ["random_training_metric"], "values": [{"value": 30.626791130669144, "step": null, "ts": 1624881868.434333}]}, "version": 271}
{"obj": {"type": "LogFloats", "path": ["other_random_training_metric"], "values": [{"value": 17.985316707664268, "step": null, "ts": 1624881868.4353313}]}, "version": 272}
{"obj": {"type": "LogFloats", "path": ["random_training_metric"], "values": [{"value": 7.961377596577124, "step": null, "ts": 1624881868.6463249}]}, "version": 273}
{"obj": {"type": "LogFloats", "path": ["other_random_training_metric"], "values": [{"value": 12.871871462370622, "step": null, "ts": 1624881868.6471286}]}, "version": 274}
{"obj": {"type": "LogFloats", "path": ["random_training_metric"], "values": [{"value": 2.4219060736822833, "step": null, "ts": 1624881868.8618343}]}, "version": 275}
{"obj": {"type": "LogFloats", "path": ["other_random_training_metric"], "values": [{"value": 25.532096364606648, "step": null, "ts": 1624881868.8628364}]}, "version": 276}
{"obj": {"type": "LogFloats", "path": ["random_training_metric"], "values": [{"value": 22.7030461543362, "step": null, "ts": 1624881869.0663838}]}, "version": 277}
{"obj": {"type": "LogFloats", "path": ["other_random_training_metric"], "values": [{"value": 27.458455900926293, "step": null, "ts": 1624881869.0663838}]}, "version": 278}
{"obj": {"type": "LogFloats", "path": ["random_training_metric"], "values": [{"value": 22.842941997507346, "step": null, "ts": 1624881869.2717717}]}, "version": 279}
{"obj": {"type": "LogFloats", "path": ["other_random_training_metric"], "values": [{"value": 33.25155564044283, "step": null, "ts": 1624881869.2717717}]}, "version": 280}
{"obj": {"type": "LogFloats", "path": ["random_training_metric"], "values": [{"value": 48.5231154145761, "step": null, "ts": 1624881869.475143}]}, "version": 281}
{"obj": {"type": "LogFloats", "path": ["other_random_training_metric"], "values": [{"value": 24.24920542990105, "step": null, "ts": 1624881869.475143}]}, "version": 282}
{"obj": {"type": "LogFloats", "path": ["random_training_metric"], "values": [{"value": 13.177690290373617, "step": null, "ts": 1624881869.6782453}]}, "version": 283}
{"obj": {"type": "LogFloats", "path": ["other_random_training_metric"], "values": [{"value": 34.58339163925397, "step": null, "ts": 1624881869.6782453}]}, "version": 284}
{"obj": {"type": "LogFloats", "path": ["random_training_metric"], "values": [{"value": 48.44181621199738, "step": null, "ts": 1624881869.8939786}]}, "version": 285}
{"obj": {"type": "LogFloats", "path": ["other_random_training_metric"], "values": [{"value": 1.639631547566795, "step": null, "ts": 1624881869.8939786}]}, "version": 286}
{"obj": {"type": "LogFloats", "path": ["random_training_metric"], "values": [{"value": 67.39065546356105, "step": null, "ts": 1624881870.0954354}]}, "version": 287}
{"obj": {"type": "LogFloats", "path": ["other_random_training_metric"], "values": [{"value": 30.718710873291364, "step": null, "ts": 1624881870.0954354}]}, "version": 288}
{"obj": {"type": "LogFloats", "path": ["random_training_metric"], "values": [{"value": 7.588030735320544, "step": null, "ts": 1624881870.2990754}]}, "version": 289}
{"obj": {"type": "LogFloats", "path": ["other_random_training_metric"], "values": [{"value": 13.829051632035254, "step": null, "ts": 1624881870.2990754}]}, "version": 290}
{"obj": {"type": "LogFloats", "path": ["random_training_metric"], "values": [{"value": 21.61149144395501, "step": null, "ts": 1624881870.502448}]}, "version": 291}
{"obj": {"type": "LogFloats", "path": ["other_random_training_metric"], "values": [{"value": 28.56800776635742, "step": null, "ts": 1624881870.502448}]}, "version": 292}
{"obj": {"type": "LogFloats", "path": ["random_training_metric"], "values": [{"value": 19.28367380660482, "step": null, "ts": 1624881870.7059035}]}, "version": 293}
{"obj": {"type": "LogFloats", "path": ["other_random_training_metric"], "values": [{"value": 8.956529081230372, "step": null, "ts": 1624881870.7059035}]}, "version": 294}
{"obj": {"type": "LogFloats", "path": ["random_training_metric"], "values": [{"value": 29.599284685090772, "step": null, "ts": 1624881870.9089751}]}, "version": 295}
{"obj": {"type": "LogFloats", "path": ["other_random_training_metric"], "values": [{"value": 34.769456097410945, "step": null, "ts": 1624881870.9098182}]}, "version": 296}
{"obj": {"type": "LogFloats", "path": ["random_training_metric"], "values": [{"value": 21.297254007494793, "step": null, "ts": 1624881871.1117783}]}, "version": 297}
{"obj": {"type": "LogFloats", "path": ["other_random_training_metric"], "values": [{"value": 17.557173391372494, "step": null, "ts": 1624881871.1117783}]}, "version": 298}
{"obj": {"type": "LogFloats", "path": ["random_training_metric"], "values": [{"value": 70.51066279937123, "step": null, "ts": 1624881871.3163934}]}, "version": 299}
{"obj": {"type": "LogFloats", "path": ["other_random_training_metric"], "values": [{"value": 15.065626199831252, "step": null, "ts": 1624881871.3163934}]}, "version": 300}
{"obj": {"type": "LogFloats", "path": ["random_training_metric"], "values": [{"value": 55.28915904369776, "step": null, "ts": 1624881871.5204449}]}, "version": 301}
{"obj": {"type": "LogFloats", "path": ["other_random_training_metric"], "values": [{"value": 3.4755949526407517, "step": null, "ts": 1624881871.5204449}]}, "version": 302}
{"obj": {"type": "LogFloats", "path": ["random_training_metric"], "values": [{"value": 53.46522982855187, "step": null, "ts": 1624881871.7359738}]}, "version": 303}
{"obj": {"type": "LogFloats", "path": ["other_random_training_metric"], "values": [{"value": 0.31754804880864695, "step": null, "ts": 1624881871.7359738}]}, "version": 304}
{"obj": {"type": "LogFloats", "path": ["random_training_metric"], "values": [{"value": 44.6281912045545, "step": null, "ts": 1624881871.9397423}]}, "version": 305}
{"obj": {"type": "LogFloats", "path": ["other_random_training_metric"], "values": [{"value": 18.251930738377407, "step": null, "ts": 1624881871.940417}]}, "version": 306}
{"obj": {"type": "LogFloats", "path": ["random_training_metric"], "values": [{"value": 29.854105106059254, "step": null, "ts": 1624881872.1450903}]}, "version": 307}
{"obj": {"type": "LogFloats", "path": ["other_random_training_metric"], "values": [{"value": 0.5541705619438059, "step": null, "ts": 1624881872.1450903}]}, "version": 308}
{"obj": {"type": "LogFloats", "path": ["random_training_metric"], "values": [{"value": 18.024386765769158, "step": null, "ts": 1624881872.3498971}]}, "version": 309}
{"obj": {"type": "LogFloats", "path": ["other_random_training_metric"], "values": [{"value": 32.03235199220613, "step": null, "ts": 1624881872.350342}]}, "version": 310}
{"obj": {"type": "LogFloats", "path": ["random_training_metric"], "values": [{"value": 21.440781796606505, "step": null, "ts": 1624881872.553274}]}, "version": 311}
{"obj": {"type": "LogFloats", "path": ["monitoring", "cpu"], "values": [{"value": 25.0, "step": null, "ts": 1624881872.553274}]}, "version": 312}
{"obj": {"type": "LogFloats", "path": ["other_random_training_metric"], "values": [{"value": 1.491731726412249, "step": null, "ts": 1624881872.5542278}]}, "version": 313}
{"obj": {"type": "LogFloats", "path": ["monitoring", "memory"], "values": [{"value": 6.389659881591797, "step": null, "ts": 1624881872.553274}]}, "version": 314}
{"obj": {"type": "LogFloats", "path": ["random_training_metric"], "values": [{"value": 35.56235570968134, "step": null, "ts": 1624881872.7546942}]}, "version": 315}
{"obj": {"type": "LogFloats", "path": ["other_random_training_metric"], "values": [{"value": 15.74634475265944, "step": null, "ts": 1624881872.7546942}]}, "version": 316}
{"obj": {"type": "LogFloats", "path": ["random_training_metric"], "values": [{"value": 21.05921967626368, "step": null, "ts": 1624881872.9579306}]}, "version": 317}
{"obj": {"type": "LogFloats", "path": ["other_random_training_metric"], "values": [{"value": 35.34234822842338, "step": null, "ts": 1624881872.9579306}]}, "version": 318}
{"obj": {"type": "LogFloats", "path": ["random_training_metric"], "values": [{"value": 15.8511531323466, "step": null, "ts": 1624881873.1593978}]}, "version": 319}
{"obj": {"type": "LogFloats", "path": ["other_random_training_metric"], "values": [{"value": 15.545245879977898, "step": null, "ts": 1624881873.1599112}]}, "version": 320}
{"obj": {"type": "LogFloats", "path": ["random_training_metric"], "values": [{"value": 24.71422056750861, "step": null, "ts": 1624881873.374822}]}, "version": 321}
{"obj": {"type": "LogFloats", "path": ["other_random_training_metric"], "values": [{"value": 22.82151091822694, "step": null, "ts": 1624881873.375158}]}, "version": 322}
{"obj": {"type": "LogFloats", "path": ["random_training_metric"], "values": [{"value": 32.22584247955871, "step": null, "ts": 1624881873.5789206}]}, "version": 323}
{"obj": {"type": "LogFloats", "path": ["other_random_training_metric"], "values": [{"value": 22.70576721334762, "step": null, "ts": 1624881873.5789206}]}, "version": 324}
{"obj": {"type": "LogFloats", "path": ["random_training_metric"], "values": [{"value": 77.60517262951363, "step": null, "ts": 1624881873.7853315}]}, "version": 325}
{"obj": {"type": "LogFloats", "path": ["other_random_training_metric"], "values": [{"value": 22.00308141940264, "step": null, "ts": 1624881873.7853315}]}, "version": 326}
{"obj": {"type": "LogFloats", "path": ["random_training_metric"], "values": [{"value": 3.1329323481904794, "step": null, "ts": 1624881874.0010924}]}, "version": 327}
{"obj": {"type": "LogFloats", "path": ["other_random_training_metric"], "values": [{"value": 13.559320315724019, "step": null, "ts": 1624881874.0010924}]}, "version": 328}
{"obj": {"type": "LogFloats", "path": ["random_training_metric"], "values": [{"value": 17.377008922853783, "step": null, "ts": 1624881874.2055502}]}, "version": 329}
{"obj": {"type": "LogFloats", "path": ["other_random_training_metric"], "values": [{"value": 35.73046039136991, "step": null, "ts": 1624881874.2055502}]}, "version": 330}
{"obj": {"type": "LogFloats", "path": ["random_training_metric"], "values": [{"value": 94.17279424700148, "step": null, "ts": 1624881874.4110746}]}, "version": 331}
{"obj": {"type": "LogFloats", "path": ["other_random_training_metric"], "values": [{"value": 16.112207945332976, "step": null, "ts": 1624881874.4110746}]}, "version": 332}
{"obj": {"type": "LogFloats", "path": ["random_training_metric"], "values": [{"value": 5.038884621540547, "step": null, "ts": 1624881874.6159165}]}, "version": 333}
{"obj": {"type": "LogFloats", "path": ["other_random_training_metric"], "values": [{"value": 32.016456097002816, "step": null, "ts": 1624881874.6159165}]}, "version": 334}
{"obj": {"type": "LogFloats", "path": ["random_training_metric"], "values": [{"value": 87.84042597277049, "step": null, "ts": 1624881874.8213742}]}, "version": 335}
{"obj": {"type": "LogFloats", "path": ["other_random_training_metric"], "values": [{"value": 44.855218578901344, "step": null, "ts": 1624881874.8213742}]}, "version": 336}
{"obj": {"type": "LogFloats", "path": ["random_training_metric"], "values": [{"value": 4.860960240616228, "step": null, "ts": 1624881875.026757}]}, "version": 337}
{"obj": {"type": "LogFloats", "path": ["other_random_training_metric"], "values": [{"value": 18.35043294484763, "step": null, "ts": 1624881875.026757}]}, "version": 338}
{"obj": {"type": "LogFloats", "path": ["monitoring", "cpu"], "values": [{"value": 26.5, "step": null, "ts": 1624881882.566337}]}, "version": 339}
{"obj": {"type": "LogFloats", "path": ["monitoring", "memory"], "values": [{"value": 6.4031524658203125, "step": null, "ts": 1624881882.566337}]}, "version": 340}
{"obj": {"type": "LogFloats", "path": ["monitoring", "cpu"], "values": [{"value": 12.4, "step": null, "ts": 1624881892.5694664}]}, "version": 341}
{"obj": {"type": "LogFloats", "path": ["monitoring", "memory"], "values": [{"value": 6.37908935546875, "step": null, "ts": 1624881892.5694664}]}, "version": 342}
{"obj": {"type": "LogStrings", "path": ["monitoring", "stdout"], "values": [{"value": "b'Shutting down background jobs, please wait a moment...\\r\\n'", "step": null, "ts": 1624881896.5144606}]}, "version": 343}
